<?xml version="1.0" encoding="UTF-8"?>
<!-- Generated by org.testng.reporters.JUnitXMLReporter -->
<testsuite ignored="0" hostname="shaila" failures="0" tests="5" name="Surefire test" time="9.137" errors="0" timestamp="2026-05-10T21:29:46 CDT">
  <testcase classname="seleniumjavareview1.HomeTest" name="verifyHomePage" time="0.242"/>
  <testcase classname="seleniumjavareview1.LoginTest" name="verifyLogin" time="0.22"/>
  <testcase classname="seleniumjavareview1.LoginTest" name="verifyInvalidLogin" time="0.576"/>
  <testcase classname="seleniumjavareview1.LoginTest" name="verifyLoginMultipleData" time="0.316"/>
  <testcase classname="seleniumjavareview1.LoginTest" name="verifyLoginMultipleData" time="0.253"/>
</testsuite> <!-- Surefire test -->
