<?xml version="1.0" encoding="UTF-8"?>
<!-- Generated by org.testng.reporters.JUnitXMLReporter -->
<testsuite ignored="0" hostname="shaila" failures="0" tests="4" name="Default test" time="7.18" errors="0" timestamp="2026-05-10T21:27:38 CDT">
  <testcase classname="seleniumjavareview1.LoginTest" name="verifyLogin" time="0.203"/>
  <testcase classname="seleniumjavareview1.LoginTest" name="verifyInvalidLogin" time="0.225"/>
  <testcase classname="seleniumjavareview1.LoginTest" name="verifyLoginMultipleData" time="0.247"/>
  <testcase classname="seleniumjavareview1.LoginTest" name="verifyLoginMultipleData" time="0.152"/>
</testsuite> <!-- Default test -->
