<?xml version="1.0" encoding="UTF-8"?>
<!-- Generated by org.testng.reporters.JUnitXMLReporter -->
<testsuite ignored="1" hostname="shaila" failures="0" tests="3" name="ChormeTest" time="6.749" errors="0" timestamp="2026-05-11T01:21:57 CDT">
  <testcase classname="seleniumjavareview1.LoginTest" name="verifyLogin" time="0.318"/>
  <testcase classname="seleniumjavareview1.LoginTest" name="verifyInvalidLogin" time="0.712"/>
  <testcase classname="seleniumjavareview1.HomeTest" name="verifyHomePage" time="0.534"/>
  <testcase classname="seleniumjavareview1.LoginTest" name="verifyLoginMultipleData" time="0.0">
    <ignored/>
  </testcase> <!-- verifyLoginMultipleData -->
</testsuite> <!-- ChormeTest -->
