<?xml version="1.0" encoding="UTF-8"?>
<testng-results ignored="1" total="5" passed="4" failed="0" skipped="0">
  <reporter-output>
  </reporter-output>
  <suite started-at="2026-05-11T01:21:51 CDT" name="Suite" finished-at="2026-05-11T01:21:58 CDT" duration-ms="7142">
    <groups>
      <group name="regression">
        <method signature="HomeTest.verifyHomePage()[pri:3, instance:seleniumjavareview1.HomeTest@6a6cb05c]" name="verifyHomePage" class="seleniumjavareview1.HomeTest"/>
        <method signature="HomeTest.verifyHomePage()[pri:3, instance:seleniumjavareview1.HomeTest@7530ad9c]" name="verifyHomePage" class="seleniumjavareview1.HomeTest"/>
      </group> <!-- regression -->
      <group name="sanity">
        <method signature="LoginTest.verifyLogin()[pri:1, instance:seleniumjavareview1.LoginTest@4b2bac3f]" name="verifyLogin" class="seleniumjavareview1.LoginTest"/>
        <method signature="LoginTest.verifyInvalidLogin()[pri:2, instance:seleniumjavareview1.LoginTest@4b2bac3f]" name="verifyInvalidLogin" class="seleniumjavareview1.LoginTest"/>
        <method signature="HomeTest.verifyHomePage()[pri:3, instance:seleniumjavareview1.HomeTest@6a6cb05c]" name="verifyHomePage" class="seleniumjavareview1.HomeTest"/>
        <method signature="HomeTest.verifyHomePage()[pri:3, instance:seleniumjavareview1.HomeTest@7530ad9c]" name="verifyHomePage" class="seleniumjavareview1.HomeTest"/>
      </group> <!-- sanity -->
    </groups>
    <test started-at="2026-05-11T01:21:51 CDT" name="ChormeTest" finished-at="2026-05-11T01:21:57 CDT" duration-ms="6749">
      <class name="seleniumjavareview1.LoginTest">
        <test-method is-config="true" signature="setUp(java.lang.String)[pri:0, instance:seleniumjavareview1.LoginTest@4b2bac3f]" started-at="2026-05-11T01:21:51 CDT" name="setUp" finished-at="2026-05-11T01:21:52 CDT" duration-ms="1643" status="PASS">
          <params>
            <param index="0">
              <value>
                <![CDATA[chrome]]>
              </value>
            </param>
          </params>
          <reporter-output>
          </reporter-output>
        </test-method> <!-- setUp -->
        <test-method signature="verifyLogin()[pri:1, instance:seleniumjavareview1.LoginTest@4b2bac3f]" started-at="2026-05-11T01:21:52 CDT" name="verifyLogin" finished-at="2026-05-11T01:21:53 CDT" duration-ms="318" status="PASS">
          <reporter-output>
          </reporter-output>
        </test-method> <!-- verifyLogin -->
        <test-method is-config="true" signature="tearDown()[pri:0, instance:seleniumjavareview1.LoginTest@4b2bac3f]" started-at="2026-05-11T01:21:53 CDT" name="tearDown" finished-at="2026-05-11T01:21:53 CDT" duration-ms="196" status="PASS">
          <reporter-output>
          </reporter-output>
        </test-method> <!-- tearDown -->
        <test-method is-config="true" signature="setUp(java.lang.String)[pri:0, instance:seleniumjavareview1.LoginTest@4b2bac3f]" started-at="2026-05-11T01:21:53 CDT" name="setUp" finished-at="2026-05-11T01:21:54 CDT" duration-ms="983" status="PASS">
          <params>
            <param index="0">
              <value>
                <![CDATA[chrome]]>
              </value>
            </param>
          </params>
          <reporter-output>
          </reporter-output>
        </test-method> <!-- setUp -->
        <test-method signature="verifyInvalidLogin()[pri:2, instance:seleniumjavareview1.LoginTest@4b2bac3f]" started-at="2026-05-11T01:21:54 CDT" name="verifyInvalidLogin" finished-at="2026-05-11T01:21:55 CDT" duration-ms="712" status="PASS">
          <reporter-output>
          </reporter-output>
        </test-method> <!-- verifyInvalidLogin -->
        <test-method is-config="true" signature="tearDown()[pri:0, instance:seleniumjavareview1.LoginTest@4b2bac3f]" started-at="2026-05-11T01:21:55 CDT" name="tearDown" finished-at="2026-05-11T01:21:55 CDT" duration-ms="170" status="PASS">
          <reporter-output>
          </reporter-output>
        </test-method> <!-- tearDown -->
      </class> <!-- seleniumjavareview1.LoginTest -->
      <class name="seleniumjavareview1.HomeTest">
        <test-method is-config="true" signature="setUp(java.lang.String)[pri:0, instance:seleniumjavareview1.HomeTest@6a6cb05c]" started-at="2026-05-11T01:21:55 CDT" name="setUp" finished-at="2026-05-11T01:21:56 CDT" duration-ms="1294" status="PASS">
          <params>
            <param index="0">
              <value>
                <![CDATA[chrome]]>
              </value>
            </param>
          </params>
          <reporter-output>
          </reporter-output>
        </test-method> <!-- setUp -->
        <test-method signature="verifyHomePage()[pri:3, instance:seleniumjavareview1.HomeTest@6a6cb05c]" started-at="2026-05-11T01:21:56 CDT" name="verifyHomePage" finished-at="2026-05-11T01:21:57 CDT" duration-ms="534" status="PASS">
          <reporter-output>
          </reporter-output>
        </test-method> <!-- verifyHomePage -->
        <test-method is-config="true" signature="tearDown()[pri:0, instance:seleniumjavareview1.HomeTest@6a6cb05c]" started-at="2026-05-11T01:21:57 CDT" name="tearDown" finished-at="2026-05-11T01:21:57 CDT" duration-ms="829" status="PASS">
          <reporter-output>
          </reporter-output>
        </test-method> <!-- tearDown -->
      </class> <!-- seleniumjavareview1.HomeTest -->
    </test> <!-- ChormeTest -->
    <test started-at="2026-05-11T01:21:51 CDT" name="FirefoxTest" finished-at="2026-05-11T01:21:58 CDT" duration-ms="7142">
      <class name="seleniumjavareview1.HomeTest">
        <test-method is-config="true" signature="setUp(java.lang.String)[pri:0, instance:seleniumjavareview1.HomeTest@7530ad9c]" started-at="2026-05-11T01:21:51 CDT" name="setUp" finished-at="2026-05-11T01:21:56 CDT" duration-ms="5069" status="PASS">
          <params>
            <param index="0">
              <value>
                <![CDATA[firefox]]>
              </value>
            </param>
          </params>
          <reporter-output>
          </reporter-output>
        </test-method> <!-- setUp -->
        <test-method signature="verifyHomePage()[pri:3, instance:seleniumjavareview1.HomeTest@7530ad9c]" started-at="2026-05-11T01:21:56 CDT" name="verifyHomePage" finished-at="2026-05-11T01:21:56 CDT" duration-ms="282" status="PASS">
          <reporter-output>
          </reporter-output>
        </test-method> <!-- verifyHomePage -->
        <test-method is-config="true" signature="tearDown()[pri:0, instance:seleniumjavareview1.HomeTest@7530ad9c]" started-at="2026-05-11T01:21:56 CDT" name="tearDown" finished-at="2026-05-11T01:21:58 CDT" duration-ms="1739" status="PASS">
          <reporter-output>
          </reporter-output>
        </test-method> <!-- tearDown -->
      </class> <!-- seleniumjavareview1.HomeTest -->
    </test> <!-- FirefoxTest -->
  </suite> <!-- Suite -->
</testng-results>
